c:\users\top-outer\desktop\pangyaproject\pangyaproject\release\core.nativecodeanalysis.xml
c:\users\top-outer\desktop\pangyaproject\pangyaproject\release\account.nativecodeanalysis.xml
c:\users\top-outer\desktop\pangyaproject\pangyaproject\release\clif.nativecodeanalysis.xml
c:\users\top-outer\desktop\pangyaproject\pangyaproject\release\db.nativecodeanalysis.xml
c:\users\top-outer\desktop\pangyaproject\pangyaproject\release\packet.nativecodeanalysis.xml
c:\users\top-outer\desktop\pangyaproject\pangyaproject\release\session.nativecodeanalysis.xml
c:\users\top-outer\desktop\pangyaproject\pangyaproject\release\socket.nativecodeanalysis.xml
c:\users\top-outer\desktop\pangyaproject\pangyaproject\release\unique.nativecodeanalysis.xml
c:\users\top-outer\desktop\pangyaproject\pangyaproject\release\crypto.nativecodeanalysis.xml
c:\users\top-outer\desktop\pangyaproject\pangyaproject\release\pc.nativecodeanalysis.xml
c:\users\top-outer\desktop\pangyaproject\pangyaproject\release\pcs.nativecodeanalysis.xml
c:\users\top-outer\desktop\pangyaproject\pangyaproject\release\reader.nativecodeanalysis.xml
c:\users\top-outer\desktop\pangyaproject\pangyaproject\release\ini_reader.nativecodeanalysis.xml
c:\users\top-outer\desktop\pangyaproject\pangyaproject\release\utils.nativecodeanalysis.xml
c:\users\top-outer\desktop\pangyaproject\pangyaproject\release\vc141.pdb
c:\users\top-outer\desktop\pangyaproject\pangyaproject\release\utils.obj
c:\users\top-outer\desktop\pangyaproject\pangyaproject\release\ini_reader.obj
c:\users\top-outer\desktop\pangyaproject\pangyaproject\release\reader.obj
c:\users\top-outer\desktop\pangyaproject\pangyaproject\release\pcs.obj
c:\users\top-outer\desktop\pangyaproject\pangyaproject\release\pc.obj
c:\users\top-outer\desktop\pangyaproject\pangyaproject\release\crypto.obj
c:\users\top-outer\desktop\pangyaproject\pangyaproject\release\unique.obj
c:\users\top-outer\desktop\pangyaproject\pangyaproject\release\socket.obj
c:\users\top-outer\desktop\pangyaproject\pangyaproject\release\session.obj
c:\users\top-outer\desktop\pangyaproject\pangyaproject\release\packet.obj
c:\users\top-outer\desktop\pangyaproject\pangyaproject\release\db.obj
c:\users\top-outer\desktop\pangyaproject\pangyaproject\release\clif.obj
c:\users\top-outer\desktop\pangyaproject\pangyaproject\release\account.obj
c:\users\top-outer\desktop\pangyaproject\pangyaproject\release\core.obj
c:\users\top-outer\desktop\pangyaproject\pangyaproject\release\ini.obj
c:\users\top-outer\desktop\pangyaproject\release\pangyaproject.exe
c:\users\top-outer\desktop\pangyaproject\release\pangyaproject.pdb
c:\users\top-outer\desktop\pangyaproject\release\pangyaproject.ipdb
c:\users\top-outer\desktop\pangyaproject\release\pangyaproject.iobj
c:\users\top-outer\desktop\pangyaproject\pangyaproject\release\nativecodeanalysis.read.1.tlog
c:\users\top-outer\desktop\pangyaproject\pangyaproject\release\ini.nativecodeanalysis.xml
c:\users\top-outer\desktop\pangyaproject\pangyaproject\release\vc.nativecodeanalysis.all.xml
c:\users\top-outer\desktop\pangyaproject\pangyaproject\release\pangyaproject.tlog\cl.command.1.tlog
c:\users\top-outer\desktop\pangyaproject\pangyaproject\release\pangyaproject.tlog\cl.read.1.tlog
c:\users\top-outer\desktop\pangyaproject\pangyaproject\release\pangyaproject.tlog\cl.write.1.tlog
c:\users\top-outer\desktop\pangyaproject\pangyaproject\release\pangyaproject.tlog\link.command.1.tlog
c:\users\top-outer\desktop\pangyaproject\pangyaproject\release\pangyaproject.tlog\link.read.1.tlog
c:\users\top-outer\desktop\pangyaproject\pangyaproject\release\pangyaproject.tlog\link.write.1.tlog
c:\users\top-outer\desktop\pangyaproject\pangyaproject\release\pangyaproject.tlog\pangyaproject.write.1u.tlog
